<?xml version="1.0" encoding="UTF-8"?>
<testsuite xmlns:xsi="http://www.w3.org/2001/XMLSchema-instance" xsi:noNamespaceSchemaLocation="https://maven.apache.org/surefire/maven-surefire-plugin/xsd/surefire-test-report.xsd" version="3.0.2" name="RepositoryTest" time="0.452" tests="1" errors="0" skipped="0" failures="0">
  <properties>
[...]
</properties>
  <testcase name="saveTicket" classname="RepositoryTest" time="0.092">
    <system-out><![CDATA[
  .   ____          _            __ _ _
 /\\ / ___'_ __ _ _(_)_ __  __ _ \ \ \ \
( ( )\___ | '_ | '_| | '_ \/ _` | \ \ \ \
 \\/  ___)| |_)| | | | | || (_| |  ) ) ) )
  '  |____| .__|_| |_|_| |_\__, | / / / /
 =========|_|==============|___/=/_/_/_/

 :: Spring Boot ::                (v3.4.0)

2025-05-12T15:36:56.084+03:00  INFO 26113 --- [           main] RepositoryTest                           : Starting RepositoryTest using Java 21.0.7 with PID 26113 (started by nanith in /home/nanith/Documents/Ticket_Web_App/backend)
2025-05-12T15:36:56.084+03:00  INFO 26113 --- [           main] RepositoryTest                           : No active profile set, falling back to 1 default profile: "default"
2025-05-12T15:36:56.158+03:00  INFO 26113 --- [           main] .s.d.r.c.RepositoryConfigurationDelegate : Bootstrapping Spring Data JPA repositories in DEFAULT mode.
2025-05-12T15:36:56.171+03:00  INFO 26113 --- [           main] .s.d.r.c.RepositoryConfigurationDelegate : Finished Spring Data repository scanning in 12 ms. Found 4 JPA repository interfaces.
2025-05-12T15:36:56.185+03:00  INFO 26113 --- [           main] beddedDataSourceBeanFactoryPostProcessor : Replacing 'dataSource' DataSource bean with embedded version
2025-05-12T15:36:56.207+03:00  INFO 26113 --- [           main] o.s.j.d.e.EmbeddedDatabaseFactory        : Starting embedded database: url='jdbc:h2:mem:8ea538f1-a4d6-4b69-9403-46a9cabd76c6;DB_CLOSE_DELAY=-1;DB_CLOSE_ON_EXIT=false', username='sa'
2025-05-12T15:36:56.234+03:00  INFO 26113 --- [           main] o.hibernate.jpa.internal.util.LogHelper  : HHH000204: Processing PersistenceUnitInfo [name: default]
2025-05-12T15:36:56.235+03:00  INFO 26113 --- [           main] o.h.c.internal.RegionFactoryInitiator    : HHH000026: Second-level cache disabled
2025-05-12T15:36:56.241+03:00  INFO 26113 --- [           main] o.s.o.j.p.SpringPersistenceUnitInfo      : No LoadTimeWeaver setup: ignoring JPA class transformer
2025-05-12T15:36:56.243+03:00  WARN 26113 --- [           main] org.hibernate.orm.deprecation            : HHH90000025: H2Dialect does not need to be specified explicitly using 'hibernate.dialect' (remove the property setting and it will be selected by default)
2025-05-12T15:36:56.243+03:00  INFO 26113 --- [           main] org.hibernate.orm.connections.pooling    : HHH10001005: Database info:
	Database JDBC URL [Connecting through datasource 'org.springframework.jdbc.datasource.embedded.EmbeddedDatabaseFactory$EmbeddedDataSourceProxy@386dd761']
	Database driver: undefined/unknown
	Database version: 2.3.232
	Autocommit mode: undefined/unknown
	Isolation level: undefined/unknown
	Minimum pool size: undefined/unknown
	Maximum pool size: undefined/unknown
Hibernate: create global temporary table HTE_role(rn_ integer not null, role_id bigint, role varchar(255), primary key (rn_)) TRANSACTIONAL
2025-05-12T15:36:56.307+03:00  INFO 26113 --- [           main] o.h.e.t.j.p.i.JtaPlatformInitiator       : HHH000489: No JTA platform available (set 'hibernate.transaction.jta.platform' to enable JTA platform integration)
Hibernate: create table account (account_id bigint generated by default as identity, firstname varchar(255), lastname varchar(255), password varchar(255), username varchar(255), primary key (account_id))
Hibernate: create table account_role (account_id bigint not null, role_id bigint not null, primary key (account_id, role_id))
Hibernate: create table message (id bigint generated by default as identity, message clob, username varchar(255), ticket_id bigint not null, primary key (id))
Hibernate: create table role (role_id bigint not null, role varchar(255), primary key (role_id))
Hibernate: create table ticket (account_id bigint generated by default as identity, status tinyint check (status between 0 and 2), thread varchar(255), ticket_category tinyint check (ticket_category between 0 and 5), user_id bigint not null, primary key (account_id))
Hibernate: alter table if exists account drop constraint if exists UKgex1lmaqpg0ir5g1f5eftyaa1
Hibernate: alter table if exists account add constraint UKgex1lmaqpg0ir5g1f5eftyaa1 unique (username)
Hibernate: create sequence role_seq start with 1 increment by 50
Hibernate: alter table if exists account_role add constraint FKrs2s3m3039h0xt8d5yhwbuyam foreign key (role_id) references role
Hibernate: alter table if exists account_role add constraint FK1f8y4iy71kb1arff79s71j0dh foreign key (account_id) references account
Hibernate: alter table if exists message add constraint FKahc0e8ev24pd1cfg3twg2qyb foreign key (ticket_id) references ticket
Hibernate: alter table if exists ticket add constraint FK57dq4bdmeviktqysil0mle92d foreign key (user_id) references account
2025-05-12T15:36:56.322+03:00  INFO 26113 --- [           main] j.LocalContainerEntityManagerFactoryBean : Initialized JPA EntityManagerFactory for persistence unit 'default'
2025-05-12T15:36:56.385+03:00  INFO 26113 --- [           main] RepositoryTest                           : Started RepositoryTest in 0.33 seconds (process running for 4.527)
Hibernate: insert into account (firstname,lastname,password,username,account_id) values (?,?,?,?,default)
Hibernate: select next value for role_seq
Hibernate: insert into role (role,role_id) values (?,?)
Hibernate: insert into ticket (status,thread,ticket_category,user_id,account_id) values (?,?,?,?,default)
Hibernate: insert into message (message,ticket_id,username,id) values (?,?,?,default)
Hibernate: insert into account_role (account_id,role_id) values (?,?)
Hibernate: select t1_0.account_id,t1_0.status,t1_0.thread,t1_0.ticket_category,t1_0.user_id from ticket t1_0 where t1_0.user_id=?
Hibernate: insert into message (message,ticket_id,username,id) values (?,?,?,default)
Hibernate: insert into ticket (status,thread,ticket_category,user_id,account_id) values (?,?,?,?,default)
Hibernate: insert into message (message,ticket_id,username,id) values (?,?,?,default)
Hibernate: select t1_0.account_id,t1_0.status,t1_0.thread,t1_0.ticket_category,t1_0.user_id from ticket t1_0 where t1_0.user_id=?
]]></system-out>
  </testcase>
</testsuite>